#
# There is insufficient memory for the Java Runtime Environment to continue.
# Native memory allocation (mmap) failed to map 132120576 bytes. Error detail: G1 virtual space
# Possible reasons:
#   The system is out of physical RAM or swap space
#   This process is running with CompressedOops enabled, and the Java Heap may be blocking the growth of the native heap
# Possible solutions:
#   Reduce memory load on the system
#   Increase physical memory or swap space
#   Check if swap backing store is full
#   Decrease Java heap size (-Xmx/-Xms)
#   Decrease number of Java threads
#   Decrease Java thread stack sizes (-Xss)
#   Set larger code cache with -XX:ReservedCodeCacheSize=
#   JVM is running with Unscaled Compressed Oops mode in which the Java heap is
#     placed in the first 4GB address space. The Java Heap base address is the
#     maximum limit for the native heap growth. Please use -XX:HeapBaseMinAddress
#     to set the Java Heap base and to place the Java Heap above 4GB virtual address.
# This output file may be truncated or incomplete.
#
#  Out of Memory Error (os_windows.cpp:3707), pid=55792, tid=38984
#
# JRE version:  (23.0.2+7) (build )
# Java VM: Java HotSpot(TM) 64-Bit Server VM (23.0.2+7-58, mixed mode, sharing, tiered, compressed oops, compressed class ptrs, g1 gc, windows-amd64)
# No core dump will be written. Minidumps are not enabled by default on client versions of Windows
#

---------------  S U M M A R Y ------------

Command Line: C:\Users\jolan\AppData\Local\Temp\surefire3679258384742205591\surefirebooter-20250904231823033_3.jar C:\Users\jolan\AppData\Local\Temp\surefire3679258384742205591 2025-09-04T23-18-22_675-jvmRun1 surefire-20250904231823033_1tmp surefire_0-20250904231823033_2tmp

Host: Intel(R) Core(TM) i5-10210U CPU @ 1.60GHz, 8 cores, 7G,  Windows 11 , 64 bit Build 26100 (10.0.26100.4484)
Time: Thu Sep  4 23:18:24 2025 South Africa Standard Time elapsed time: 1.138844 seconds (0d 0h 0m 1s)

---------------  T H R E A D  ---------------

Current thread (0x0000016092571c60):  JavaThread "Unknown thread" [_thread_in_vm, id=38984, stack(0x0000005a62b00000,0x0000005a62c00000) (1024K)]

Stack: [0x0000005a62b00000,0x0000005a62c00000]
Native frames: (J=compiled Java code, j=interpreted, Vv=VM code, C=native code)
V  [jvm.dll+0x6e0b99]  (no source info available)
V  [jvm.dll+0x87e2b3]  (no source info available)
V  [jvm.dll+0x88073e]  (no source info available)
V  [jvm.dll+0x880e13]  (no source info available)
V  [jvm.dll+0x27b006]  (no source info available)
V  [jvm.dll+0x6dd485]  (no source info available)
V  [jvm.dll+0x6d127a]  (no source info available)
V  [jvm.dll+0x35b50a]  (no source info available)
V  [jvm.dll+0x363916]  (no source info available)
V  [jvm.dll+0x34fe7e]  (no source info available)
V  [jvm.dll+0x350118]  (no source info available)
V  [jvm.dll+0x328aec]  (no source info available)
V  [jvm.dll+0x32978e]  (no source info available)
V  [jvm.dll+0x8449a5]  (no source info available)
V  [jvm.dll+0x3b9a08]  (no source info available)
V  [jvm.dll+0x82d68c]  (no source info available)
V  [jvm.dll+0x454f2e]  (no source info available)
V  [jvm.dll+0x456db1]  (no source info available)
C  [jli.dll+0x52a3]  (no source info available)
C  [ucrtbase.dll+0x37b0]  (no source info available)
C  [KERNEL32.DLL+0x2e8d7]  (no source info available)
C  [ntdll.dll+0x3c34c]  (no source info available)

Lock stack of current Java thread (top to bottom):


---------------  P R O C E S S  ---------------

Threads class SMR info:
_java_thread_list=0x00007ffe1df04618, length=0, elements={
}

Java Threads: ( => current thread )
Total: 0

Other Threads:
  0x0000016092bc1100 WorkerThread "GC Thread#0"                     [id=37524, stack(0x0000005a62c00000,0x0000005a62d00000) (1024K)]
  0x0000016092bd6b20 ConcurrentGCThread "G1 Main Marker"            [id=6668, stack(0x0000005a62d00000,0x0000005a62e00000) (1024K)]
  0x0000016092bd8550 WorkerThread "G1 Conc#0"                       [id=51548, stack(0x0000005a62e00000,0x0000005a62f00000) (1024K)]

[error occurred during error reporting (printing all threads), id 0xc0000005, EXCEPTION_ACCESS_VIOLATION (0xc0000005) at pc=0x00007ffe1d64c0da]
VM state: not at safepoint (not fully initialized)

VM Mutex/Monitor currently owned by a thread:  ([mutex/lock_event])
[0x00007ffe1df84988] Heap_lock - owner thread: 0x0000016092571c60

Heap address: 0x0000000082800000, size: 2008 MB, Compressed Oops mode: 32-bit

CDS archive(s) mapped at: [0x0000000000000000-0x0000000000000000-0x0000000000000000), size 0, SharedBaseAddress: 0x0000000800000000, ArchiveRelocationMode: 1.
Narrow klass base: 0x0000000000000000, Narrow klass shift: 0, Narrow klass range: 0x0

GC Precious Log:
 CardTable entry size: 512
 Card Set container configuration: InlinePtr #cards 5 size 8 Array Of Cards #cards 10 size 36 Howl #buckets 4 coarsen threshold 1843 Howl Bitmap #cards 512 size 80 coarsen threshold 460 Card regions per heap region 1 cards per card region 2048

Heap:
 garbage-first heap   total reserved 2056192K, committed 0K, used 0K [0x0000000082800000, 0x0000000100000000)
  region size 1024K, 0 young (0K), 0 survivors (0K)

[error occurred during error reporting (printing heap information), id 0xc0000005, EXCEPTION_ACCESS_VIOLATION (0xc0000005) at pc=0x00007ffe1da4c6a9]
GC Heap History (0 events):
No events

Dll operation events (1 events):
Event: 0.023 Loaded shared library C:\Program Files\Java\jdk-23\bin\java.dll

Deoptimization events (0 events):
No events

Classes loaded (0 events):
No events

Classes unloaded (0 events):
No events

Classes redefined (0 events):
No events

Internal exceptions (0 events):
No events

VM Operations (0 events):
No events

Memory protections (0 events):
No events

Nmethod flushes (0 events):
No events

Events (0 events):
No events


Dynamic libraries:
0x00007ff67d930000 - 0x00007ff67d940000 	C:\Program Files\Java\jdk-23\bin\java.exe
0x00007ffeabc40000 - 0x00007ffeabea8000 	C:\WINDOWS\SYSTEM32\ntdll.dll
0x00007ffeaa380000 - 0x00007ffeaa449000 	C:\WINDOWS\System32\KERNEL32.DLL
0x00007ffea8d90000 - 0x00007ffea917d000 	C:\WINDOWS\System32\KERNELBASE.dll
0x00007ffea97e0000 - 0x00007ffea992b000 	C:\WINDOWS\System32\ucrtbase.dll
0x00007ffe89bc0000 - 0x00007ffe89bd7000 	C:\Program Files\Java\jdk-23\bin\jli.dll
0x00007ffea1730000 - 0x00007ffea174b000 	C:\Program Files\Java\jdk-23\bin\VCRUNTIME140.dll
0x00007ffea99e0000 - 0x00007ffea9bac000 	C:\WINDOWS\System32\USER32.dll
0x00007ffea9220000 - 0x00007ffea9247000 	C:\WINDOWS\System32\win32u.dll
0x00007ffe915c0000 - 0x00007ffe9185a000 	C:\WINDOWS\WinSxS\amd64_microsoft.windows.common-controls_6595b64144ccf1df_6.0.26100.4484_none_3e0e6d4ce32ef3b3\COMCTL32.dll
0x00007ffeaaa80000 - 0x00007ffeaaaab000 	C:\WINDOWS\System32\GDI32.dll
0x00007ffeaa910000 - 0x00007ffeaa9b9000 	C:\WINDOWS\System32\msvcrt.dll
0x00007ffea9520000 - 0x00007ffea9657000 	C:\WINDOWS\System32\gdi32full.dll
0x00007ffea9930000 - 0x00007ffea99d3000 	C:\WINDOWS\System32\msvcp_win.dll
0x00007ffeaa630000 - 0x00007ffeaa65f000 	C:\WINDOWS\System32\IMM32.DLL
0x00007ffea4500000 - 0x00007ffea450c000 	C:\Program Files\Java\jdk-23\bin\vcruntime140_1.dll
0x00007ffe5dfb0000 - 0x00007ffe5e03e000 	C:\Program Files\Java\jdk-23\bin\msvcp140.dll
0x00007ffe1d310000 - 0x00007ffe1e060000 	C:\Program Files\Java\jdk-23\bin\server\jvm.dll
0x00007ffeaa9c0000 - 0x00007ffeaaa74000 	C:\WINDOWS\System32\ADVAPI32.dll
0x00007ffeaa0c0000 - 0x00007ffeaa166000 	C:\WINDOWS\System32\sechost.dll
0x00007ffeaafc0000 - 0x00007ffeab0d8000 	C:\WINDOWS\System32\RPCRT4.dll
0x00007ffeabb80000 - 0x00007ffeabbf4000 	C:\WINDOWS\System32\WS2_32.dll
0x00007ffea8be0000 - 0x00007ffea8c3e000 	C:\WINDOWS\SYSTEM32\POWRPROF.dll
0x00007ffe98480000 - 0x00007ffe9848b000 	C:\WINDOWS\SYSTEM32\VERSION.dll
0x00007ffe91860000 - 0x00007ffe91895000 	C:\WINDOWS\SYSTEM32\WINMM.dll
0x00007ffea8bc0000 - 0x00007ffea8bd4000 	C:\WINDOWS\SYSTEM32\UMPDC.dll
0x00007ffea7b30000 - 0x00007ffea7b4b000 	C:\WINDOWS\SYSTEM32\kernel.appcore.dll
0x00007ffea44e0000 - 0x00007ffea44ea000 	C:\Program Files\Java\jdk-23\bin\jimage.dll
0x00007ffea5f00000 - 0x00007ffea6141000 	C:\WINDOWS\SYSTEM32\DBGHELP.DLL
0x00007ffeaac30000 - 0x00007ffeaafb6000 	C:\WINDOWS\System32\combase.dll
0x00007ffeaa820000 - 0x00007ffeaa900000 	C:\WINDOWS\System32\OLEAUT32.dll
0x00007ffe90cb0000 - 0x00007ffe90cf3000 	C:\WINDOWS\SYSTEM32\dbgcore.DLL
0x00007ffea9180000 - 0x00007ffea9219000 	C:\WINDOWS\System32\bcryptPrimitives.dll
0x00007ffea1610000 - 0x00007ffea162e000 	C:\Program Files\Java\jdk-23\bin\java.dll
0x00007ffeaa670000 - 0x00007ffeaa80e000 	C:\WINDOWS\System32\ole32.dll
0x00007ffeab0e0000 - 0x00007ffeab82a000 	C:\WINDOWS\System32\SHELL32.dll
0x00007ffea92e0000 - 0x00007ffea9454000 	C:\WINDOWS\System32\wintypes.dll

dbghelp: loaded successfully - version: 4.0.5 - missing functions: none
symbol engine: initialized successfully - sym options: 0x614 - pdb path: .;C:\Program Files\Java\jdk-23\bin;C:\WINDOWS\SYSTEM32;C:\WINDOWS\WinSxS\amd64_microsoft.windows.common-controls_6595b64144ccf1df_6.0.26100.4484_none_3e0e6d4ce32ef3b3;C:\Program Files\Java\jdk-23\bin\server

VM Arguments:
java_command: C:\Users\jolan\AppData\Local\Temp\surefire3679258384742205591\surefirebooter-20250904231823033_3.jar C:\Users\jolan\AppData\Local\Temp\surefire3679258384742205591 2025-09-04T23-18-22_675-jvmRun1 surefire-20250904231823033_1tmp surefire_0-20250904231823033_2tmp
java_class_path (initial): C:\Users\jolan\AppData\Local\Temp\surefire3679258384742205591\surefirebooter-20250904231823033_3.jar
Launcher Type: SUN_STANDARD

[Global flags]
     intx CICompilerCount                          = 4                                         {product} {ergonomic}
     uint ConcGCThreads                            = 2                                         {product} {ergonomic}
     uint G1ConcRefinementThreads                  = 8                                         {product} {ergonomic}
   size_t G1HeapRegionSize                         = 1048576                                   {product} {ergonomic}
   size_t InitialHeapSize                          = 132120576                                 {product} {ergonomic}
   size_t MarkStackSize                            = 4194304                                   {product} {ergonomic}
   size_t MarkStackSizeMax                         = 536870912                                 {product} {ergonomic}
   size_t MaxHeapSize                              = 2105540608                                {product} {ergonomic}
   size_t MinHeapDeltaBytes                        = 1048576                                   {product} {ergonomic}
   size_t MinHeapSize                              = 8388608                                   {product} {ergonomic}
    uintx NonNMethodCodeHeapSize                   = 5832704                                {pd product} {ergonomic}
    uintx NonProfiledCodeHeapSize                  = 122945536                              {pd product} {ergonomic}
    uintx ProfiledCodeHeapSize                     = 122880000                              {pd product} {ergonomic}
    uintx ReservedCodeCacheSize                    = 251658240                              {pd product} {ergonomic}
     bool SegmentedCodeCache                       = true                                      {product} {ergonomic}
   size_t SoftMaxHeapSize                          = 2105540608                             {manageable} {ergonomic}
     bool UseCompressedOops                        = true                           {product lp64_product} {ergonomic}
     bool UseG1GC                                  = true                                      {product} {ergonomic}
     bool UseLargePagesIndividualAllocation        = false                                  {pd product} {ergonomic}

Logging:
Log output configuration:
 #0: stdout all=warning uptime,level,tags foldmultilines=false
 #1: stderr all=off uptime,level,tags foldmultilines=false

Environment Variables:
JAVA_HOME=C:\Program Files\Java\jdk-23
PATH=C:\Program Files\NVIDIA GPU Computing Toolkit\CUDA\v12.9\bin;C:\Program Files\NVIDIA GPU Computing Toolkit\CUDA\v12.9\libnvvp;C:\Program Files\Common Files\Oracle\Java\javapath;C:\Program Files\Java\jdk-23\bin;C:\Users\jolan\AppData\Local\Microsoft\WindowsApps;C:\Users\jolan\AppData\Local\Programs\Python\Python312;C:\Users\jolan\AppData\Local\Programs\Python\Python312\Scripts;C:\WINDOWS\system32;C:\WINDOWS;C:\WINDOWS\System32\Wbem;C:\WINDOWS\System32\WindowsPowerShell\v1.0\;C:\WINDOWS\System32\OpenSSH\;C:\Program Files\Git\cmd;C:\Program Files\apache-maven-3.9.9\bin;C:\Program Files\CMake\bin;C:\Program Files\NVIDIA Corporation\Nsight Compute 2025.2.1\;C:\Program Files (x86)\NVIDIA Corporation\PhysX\Common;C:\Program Files\nodejs\;C:\Users\jolan\AppData\Local\platform-tools;C:\Users\jolan\anaconda3;C:\Users\jolan\anaconda3\Library\mingw-w64\bin;C:\Users\jolan\anaconda3\Library\usr\bin;C:\Users\jolan\anaconda3\Library\bin;C:\Users\jolan\anaconda3\Scripts;C:\Users\jolan\anaconda;C:\Users\jolan\anaconda\Library\mingw-w64\bin;C:\Users\jolan\anaconda\Library\usr\bin;C:\Users\jolan\anaconda\Library\bin;C:\Users\jolan\anaconda\Scripts;C:\Users\jolan\AppData\Local\Programs\Python\Launcher\;C:\Users\jolan\AppData\Local\Microsoft\WindowsApps;C:\Users\jolan\AppData\Local\JetBrains\Toolbox\scripts;C:\Users\jolan\AppData\Local\Programs\Microsoft VS Code\bin;C:\Users\jolan\AppData\Local\Microsoft\WinGet\Links;C:\Users\jolan\AppData\Local\Microsoft\WindowsApps;C:\Users\jolan\AppData\Roaming\npm
USERNAME=jolan
OS=Windows_NT
PROCESSOR_IDENTIFIER=Intel64 Family 6 Model 142 Stepping 12, GenuineIntel
TMP=C:\Users\jolan\AppData\Local\Temp
TEMP=C:\Users\jolan\AppData\Local\Temp




Periodic native trim disabled

---------------  S Y S T E M  ---------------

OS:
 Windows 11 , 64 bit Build 26100 (10.0.26100.4484)
OS uptime: 41 days 7:13 hours

CPU: total 8 (initial active 8) (4 cores per cpu, 2 threads per core) family 6 model 142 stepping 12 microcode 0xea, cx8, cmov, fxsr, ht, mmx, 3dnowpref, sse, sse2, sse3, ssse3, sse4.1, sse4.2, popcnt, lzcnt, tsc, tscinvbit, avx, avx2, aes, erms, clmul, bmi1, bmi2, adx, fma, vzeroupper, clflush, clflushopt, rdtscp, f16c
Processor Information for processor 0
  Max Mhz: 2112, Current Mhz: 1508, Mhz Limit: 1605
Processor Information for processor 1
  Max Mhz: 2112, Current Mhz: 1508, Mhz Limit: 1605
Processor Information for processor 2
  Max Mhz: 2112, Current Mhz: 1508, Mhz Limit: 1605
Processor Information for processor 3
  Max Mhz: 2112, Current Mhz: 1609, Mhz Limit: 1605
Processor Information for processor 4
  Max Mhz: 2112, Current Mhz: 1508, Mhz Limit: 1605
Processor Information for processor 5
  Max Mhz: 2112, Current Mhz: 1508, Mhz Limit: 1605
Processor Information for processor 6
  Max Mhz: 2112, Current Mhz: 1508, Mhz Limit: 1605
Processor Information for processor 7
  Max Mhz: 2112, Current Mhz: 1508, Mhz Limit: 1605

Memory: 4k page, system-wide physical 8025M (1028M free)
TotalPageFile size 32601M (AvailPageFile size 100M)
current process WorkingSet (physical memory assigned to process): 13M, peak: 13M
current process commit charge ("private bytes"): 61M, peak: 186M

vm_info: Java HotSpot(TM) 64-Bit Server VM (23.0.2+7-58) for windows-amd64 JRE (23.0.2+7-58), built on 2024-11-29T09:34:55Z with MS VC++ 17.6 (VS2022)

END.
